<?xml version="1.0" encoding="UTF-8"?>
<testng-results ignored="0" total="2" passed="2" failed="0" skipped="0">
  <reporter-output>
  </reporter-output>
  <suite started-at="2025-07-27T14:33:29 IST" name="Master Suite" finished-at="2025-07-27T14:33:39 IST" duration-ms="10795">
    <groups>
      <group name="Master">
        <method signature="TC_01_AccountRegistrationTest.verify_account_registration()[pri:0, instance:testCases.TC_01_AccountRegistrationTest@7b94089b]" name="verify_account_registration" class="testCases.TC_01_AccountRegistrationTest"/>
        <method signature="TC_02_LoginTest.verify_login()[pri:0, instance:testCases.TC_02_LoginTest@2ea6e30c]" name="verify_login" class="testCases.TC_02_LoginTest"/>
      </group> <!-- Master -->
      <group name="Sanity">
        <method signature="TC_02_LoginTest.verify_login()[pri:0, instance:testCases.TC_02_LoginTest@2ea6e30c]" name="verify_login" class="testCases.TC_02_LoginTest"/>
      </group> <!-- Sanity -->
      <group name="Regression">
        <method signature="TC_01_AccountRegistrationTest.verify_account_registration()[pri:0, instance:testCases.TC_01_AccountRegistrationTest@7b94089b]" name="verify_account_registration" class="testCases.TC_01_AccountRegistrationTest"/>
      </group> <!-- Regression -->
    </groups>
    <test started-at="2025-07-27T14:33:29 IST" name="Test" finished-at="2025-07-27T14:33:39 IST" duration-ms="10795">
      <class name="testCases.TC_02_LoginTest">
        <test-method is-config="true" signature="setup(java.lang.String,java.lang.String)[pri:0, instance:testCases.TC_02_LoginTest@2ea6e30c]" started-at="2025-07-27T14:33:35 IST" name="setup" finished-at="2025-07-27T14:33:38 IST" duration-ms="2691" status="PASS">
          <params>
            <param index="0">
              <value>
                <![CDATA[Windows]]>
              </value>
            </param>
            <param index="1">
              <value>
                <![CDATA[chrome]]>
              </value>
            </param>
          </params>
          <reporter-output>
          </reporter-output>
        </test-method> <!-- setup -->
        <test-method signature="verify_login()[pri:0, instance:testCases.TC_02_LoginTest@2ea6e30c]" started-at="2025-07-27T14:33:38 IST" name="verify_login" finished-at="2025-07-27T14:33:39 IST" duration-ms="1646" status="PASS">
          <reporter-output>
          </reporter-output>
        </test-method> <!-- verify_login -->
        <test-method is-config="true" signature="tearDown()[pri:0, instance:testCases.TC_02_LoginTest@2ea6e30c]" started-at="2025-07-27T14:33:39 IST" name="tearDown" finished-at="2025-07-27T14:33:39 IST" duration-ms="218" status="PASS">
          <reporter-output>
          </reporter-output>
        </test-method> <!-- tearDown -->
      </class> <!-- testCases.TC_02_LoginTest -->
      <class name="testCases.TC_01_AccountRegistrationTest">
        <test-method is-config="true" signature="setup(java.lang.String,java.lang.String)[pri:0, instance:testCases.TC_01_AccountRegistrationTest@7b94089b]" started-at="2025-07-27T14:33:29 IST" name="setup" finished-at="2025-07-27T14:33:32 IST" duration-ms="3271" status="PASS">
          <params>
            <param index="0">
              <value>
                <![CDATA[Windows]]>
              </value>
            </param>
            <param index="1">
              <value>
                <![CDATA[chrome]]>
              </value>
            </param>
          </params>
          <reporter-output>
          </reporter-output>
        </test-method> <!-- setup -->
        <test-method signature="verify_account_registration()[pri:0, instance:testCases.TC_01_AccountRegistrationTest@7b94089b]" started-at="2025-07-27T14:33:32 IST" name="verify_account_registration" finished-at="2025-07-27T14:33:35 IST" duration-ms="2488" status="PASS">
          <reporter-output>
          </reporter-output>
        </test-method> <!-- verify_account_registration -->
        <test-method is-config="true" signature="tearDown()[pri:0, instance:testCases.TC_01_AccountRegistrationTest@7b94089b]" started-at="2025-07-27T14:33:35 IST" name="tearDown" finished-at="2025-07-27T14:33:35 IST" duration-ms="266" status="PASS">
          <reporter-output>
          </reporter-output>
        </test-method> <!-- tearDown -->
      </class> <!-- testCases.TC_01_AccountRegistrationTest -->
    </test> <!-- Test -->
  </suite> <!-- Master Suite -->
</testng-results>
